<?xml version="1.0" encoding="utf-8"?><testsuites name="pytest tests"><testsuite name="pytest" errors="0" failures="0" skipped="0" tests="29" time="12.429" timestamp="2026-06-24T11:31:14.818792+00:00" hostname="agent-env-d7a1f40a-e6dc-42c0-a1fa-3a95adb6414d"><testcase classname="backend.tests.backend_test" name="test_health" time="0.182" /><testcase classname="backend.tests.backend_test" name="test_demo_users_public" time="0.133" /><testcase classname="backend.tests.backend_test" name="test_login_admin" time="0.352" /><testcase classname="backend.tests.backend_test" name="test_login_bad_credentials" time="0.322" /><testcase classname="backend.tests.backend_test" name="test_auth_me" time="1.741" /><testcase classname="backend.tests.backend_test" name="test_auth_me_no_token" time="0.152" /><testcase classname="backend.tests.backend_test" name="test_alex_is_onboarding" time="0.000" /><testcase classname="backend.tests.backend_test" name="test_onboarding_dashboard_alex" time="0.099" /><testcase classname="backend.tests.backend_test" name="test_attendance_today" time="0.098" /><testcase classname="backend.tests.backend_test" name="test_attendance_history" time="0.096" /><testcase classname="backend.tests.backend_test" name="test_leave_balances" time="0.098" /><testcase classname="backend.tests.backend_test" name="test_leave_create_and_manager_approval_flow" time="0.397" /><testcase classname="backend.tests.backend_test" name="test_payroll_payslips" time="0.093" /><testcase classname="backend.tests.backend_test" name="test_documents_list" time="0.094" /><testcase classname="backend.tests.backend_test" name="test_documents_create" time="0.102" /><testcase classname="backend.tests.backend_test" name="test_expenses_create_and_manager_sees" time="0.185" /><testcase classname="backend.tests.backend_test" name="test_goals_list" time="0.082" /><testcase classname="backend.tests.backend_test" name="test_reviews" time="0.129" /><testcase classname="backend.tests.backend_test" name="test_contributions" time="0.284" /><testcase classname="backend.tests.backend_test" name="test_training" time="0.089" /><testcase classname="backend.tests.backend_test" name="test_recruitment_hr" time="0.099" /><testcase classname="backend.tests.backend_test" name="test_recognition_list_and_send" time="0.197" /><testcase classname="backend.tests.backend_test" name="test_announcements_list" time="0.114" /><testcase classname="backend.tests.backend_test" name="test_announcements_hr_create" time="0.093" /><testcase classname="backend.tests.backend_test" name="test_analytics_self" time="0.097" /><testcase classname="backend.tests.backend_test" name="test_analytics_hr" time="0.092" /><testcase classname="backend.tests.backend_test" name="test_analytics_hr_blocked_for_employee" time="0.105" /><testcase classname="backend.tests.backend_test" name="test_team_manager" time="0.095" /><testcase classname="backend.tests.backend_test" name="test_copilot_chat" time="6.726" /></testsuite></testsuites>