<?xml version="1.0" encoding="utf-8"?><testsuites name="pytest tests"><testsuite name="pytest" errors="0" failures="2" skipped="0" tests="29" time="11.954" timestamp="2026-06-24T10:58:48.465866+00:00" hostname="agent-env-d7a1f40a-e6dc-42c0-a1fa-3a95adb6414d"><testcase classname="backend.tests.backend_test" name="test_health" time="0.488" /><testcase classname="backend.tests.backend_test" name="test_demo_users_public" time="0.152" /><testcase classname="backend.tests.backend_test" name="test_login_admin" time="0.327" /><testcase classname="backend.tests.backend_test" name="test_login_bad_credentials" time="0.357" /><testcase classname="backend.tests.backend_test" name="test_auth_me" time="1.691" /><testcase classname="backend.tests.backend_test" name="test_auth_me_no_token" time="0.093" /><testcase classname="backend.tests.backend_test" name="test_alex_is_onboarding" time="0.000" /><testcase classname="backend.tests.backend_test" name="test_onboarding_dashboard_alex" time="0.096" /><testcase classname="backend.tests.backend_test" name="test_attendance_today" time="0.096" /><testcase classname="backend.tests.backend_test" name="test_attendance_history" time="0.100" /><testcase classname="backend.tests.backend_test" name="test_leave_balances" time="0.125" /><testcase classname="backend.tests.backend_test" name="test_leave_create_and_manager_approval_flow" time="0.316" /><testcase classname="backend.tests.backend_test" name="test_payroll_payslips" time="0.104" /><testcase classname="backend.tests.backend_test" name="test_documents_list" time="0.089" /><testcase classname="backend.tests.backend_test" name="test_documents_create" time="0.098" /><testcase classname="backend.tests.backend_test" name="test_expenses_create_and_manager_sees" time="0.245" /><testcase classname="backend.tests.backend_test" name="test_goals_list" time="0.090" /><testcase classname="backend.tests.backend_test" name="test_reviews" time="0.087" /><testcase classname="backend.tests.backend_test" name="test_contributions" time="0.291" /><testcase classname="backend.tests.backend_test" name="test_training" time="0.094" /><testcase classname="backend.tests.backend_test" name="test_recruitment_hr" time="0.091" /><testcase classname="backend.tests.backend_test" name="test_recognition_list_and_send" time="0.199"><failure message="AssertionError: {&quot;detail&quot;:[{&quot;type&quot;:&quot;missing&quot;,&quot;loc&quot;:[&quot;body&quot;,&quot;recipient_id&quot;],&quot;msg&quot;:&quot;Field required&quot;,&quot;input&quot;:{&quot;to_user_id&quot;:&quot;33b33631-3a2e-4491-9a79-0a11c6de2749&quot;,&quot;type&quot;:&quot;kudos&quot;,&quot;message&quot;:&quot;TEST appreciation&quot;,&quot;value&quot;:&quot;teamwork&quot;}},{&quot;type&quot;:&quot;missing&quot;,&quot;loc&quot;:[&quot;body&quot;,&quot;category&quot;],&quot;msg&quot;:&quot;Field required&quot;,&quot;input&quot;:{&quot;to_user_id&quot;:&quot;33b33631-3a2e-4491-9a79-0a11c6de2749&quot;,&quot;type&quot;:&quot;kudos&quot;,&quot;message&quot;:&quot;TEST appreciation&quot;,&quot;value&quot;:&quot;teamwork&quot;}}]}&#10;assert 422 in (200, 201)&#10; +  where 422 = &lt;Response [422]&gt;.status_code">backend/tests/backend_test.py:221: in test_recognition_list_and_send
    assert rp.status_code in (200, 201), rp.text
E   AssertionError: {"detail":[{"type":"missing","loc":["body","recipient_id"],"msg":"Field required","input":{"to_user_id":"33b33631-3a2e-4491-9a79-0a11c6de2749","type":"kudos","message":"TEST appreciation","value":"teamwork"}},{"type":"missing","loc":["body","category"],"msg":"Field required","input":{"to_user_id":"33b33631-3a2e-4491-9a79-0a11c6de2749","type":"kudos","message":"TEST appreciation","value":"teamwork"}}]}
E   assert 422 in (200, 201)
E    +  where 422 = &lt;Response [422]&gt;.status_code</failure></testcase><testcase classname="backend.tests.backend_test" name="test_announcements_list" time="0.090" /><testcase classname="backend.tests.backend_test" name="test_announcements_hr_create" time="0.103"><failure message="AssertionError: {&quot;detail&quot;:[{&quot;type&quot;:&quot;missing&quot;,&quot;loc&quot;:[&quot;body&quot;,&quot;content&quot;],&quot;msg&quot;:&quot;Field required&quot;,&quot;input&quot;:{&quot;title&quot;:&quot;TEST_ann&quot;,&quot;body&quot;:&quot;test body&quot;,&quot;category&quot;:&quot;policy&quot;}}]}&#10;assert 422 in (200, 201)&#10; +  where 422 = &lt;Response [422]&gt;.status_code">backend/tests/backend_test.py:237: in test_announcements_hr_create
    assert r.status_code in (200, 201), r.text
E   AssertionError: {"detail":[{"type":"missing","loc":["body","content"],"msg":"Field required","input":{"title":"TEST_ann","body":"test body","category":"policy"}}]}
E   assert 422 in (200, 201)
E    +  where 422 = &lt;Response [422]&gt;.status_code</failure></testcase><testcase classname="backend.tests.backend_test" name="test_analytics_self" time="0.098" /><testcase classname="backend.tests.backend_test" name="test_analytics_hr" time="0.093" /><testcase classname="backend.tests.backend_test" name="test_analytics_hr_blocked_for_employee" time="0.091" /><testcase classname="backend.tests.backend_test" name="test_team_manager" time="0.095" /><testcase classname="backend.tests.backend_test" name="test_copilot_chat" time="5.903" /></testsuite></testsuites>